ERROR [2017-04-15 10:49:13,230] com.corp.tsfile.jdbc.TsfileDriver:45 - tsfile-jdbc TsfileDriver: cannot connect jdbc:tsfile://192.168.130.128:6667/, because  
org.apache.thrift.transport.TTransportException: java.net.ConnectException: Connection timed out: connect
	at org.apache.thrift.transport.TSocket.open(TSocket.java:185) ~[tsfile-jdbc-alpha.jar:na]
	at com.corp.tsfile.jdbc.TsfileConnection.openTransport(TsfileConnection.java:406) ~[tsfile-jdbc-alpha.jar:na]
	at com.corp.tsfile.jdbc.TsfileConnection.<init>(TsfileConnection.java:69) ~[tsfile-jdbc-alpha.jar:na]
	at com.corp.tsfile.jdbc.TsfileDriver.connect(TsfileDriver.java:43) ~[tsfile-jdbc-alpha.jar:na]
	at java.sql.DriverManager.getConnection(DriverManager.java:664) [na:1.8.0_121]
	at java.sql.DriverManager.getConnection(DriverManager.java:247) [na:1.8.0_121]
	at watchRun.main(watchRun.java:27) [untitled/:na]
	at sun.reflect.NativeMethodAccessorImpl.invoke0(Native Method) ~[na:1.8.0_121]
	at sun.reflect.NativeMethodAccessorImpl.invoke(NativeMethodAccessorImpl.java:62) ~[na:1.8.0_121]
	at sun.reflect.DelegatingMethodAccessorImpl.invoke(DelegatingMethodAccessorImpl.java:43) ~[na:1.8.0_121]
	at java.lang.reflect.Method.invoke(Method.java:498) ~[na:1.8.0_121]
	at com.intellij.rt.execution.application.AppMain.main(AppMain.java:147) [idea_rt.jar:na]
Caused by: java.net.ConnectException: Connection timed out: connect
	at java.net.DualStackPlainSocketImpl.connect0(Native Method) ~[na:1.8.0_121]
	at java.net.DualStackPlainSocketImpl.socketConnect(DualStackPlainSocketImpl.java:79) ~[na:1.8.0_121]
	at java.net.AbstractPlainSocketImpl.doConnect(AbstractPlainSocketImpl.java:350) ~[na:1.8.0_121]
	at java.net.AbstractPlainSocketImpl.connectToAddress(AbstractPlainSocketImpl.java:206) ~[na:1.8.0_121]
	at java.net.AbstractPlainSocketImpl.connect(AbstractPlainSocketImpl.java:188) ~[na:1.8.0_121]
	at java.net.PlainSocketImpl.connect(PlainSocketImpl.java:172) ~[na:1.8.0_121]
	at java.net.SocksSocketImpl.connect(SocksSocketImpl.java:392) ~[na:1.8.0_121]
	at java.net.Socket.connect(Socket.java:589) ~[na:1.8.0_121]
	at org.apache.thrift.transport.TSocket.open(TSocket.java:180) ~[tsfile-jdbc-alpha.jar:na]
	... 11 common frames omitted
ERROR [2017-04-15 10:50:07,371] com.corp.tsfile.jdbc.TsfileDriver:45 - tsfile-jdbc TsfileDriver: cannot connect jdbc:tsfile://192.168.130.128:6667/, because  
org.apache.thrift.transport.TTransportException: java.net.SocketException: Network is unreachable: connect
	at org.apache.thrift.transport.TSocket.open(TSocket.java:185) ~[tsfile-jdbc-alpha.jar:na]
	at com.corp.tsfile.jdbc.TsfileConnection.openTransport(TsfileConnection.java:406) ~[tsfile-jdbc-alpha.jar:na]
	at com.corp.tsfile.jdbc.TsfileConnection.<init>(TsfileConnection.java:69) ~[tsfile-jdbc-alpha.jar:na]
	at com.corp.tsfile.jdbc.TsfileDriver.connect(TsfileDriver.java:43) ~[tsfile-jdbc-alpha.jar:na]
	at java.sql.DriverManager.getConnection(DriverManager.java:664) [na:1.8.0_121]
	at java.sql.DriverManager.getConnection(DriverManager.java:247) [na:1.8.0_121]
	at watchRun.main(watchRun.java:27) [untitled/:na]
	at sun.reflect.NativeMethodAccessorImpl.invoke0(Native Method) ~[na:1.8.0_121]
	at sun.reflect.NativeMethodAccessorImpl.invoke(NativeMethodAccessorImpl.java:62) ~[na:1.8.0_121]
	at sun.reflect.DelegatingMethodAccessorImpl.invoke(DelegatingMethodAccessorImpl.java:43) ~[na:1.8.0_121]
	at java.lang.reflect.Method.invoke(Method.java:498) ~[na:1.8.0_121]
	at com.intellij.rt.execution.application.AppMain.main(AppMain.java:147) [idea_rt.jar:na]
Caused by: java.net.SocketException: Network is unreachable: connect
	at java.net.DualStackPlainSocketImpl.connect0(Native Method) ~[na:1.8.0_121]
	at java.net.DualStackPlainSocketImpl.socketConnect(DualStackPlainSocketImpl.java:79) ~[na:1.8.0_121]
	at java.net.AbstractPlainSocketImpl.doConnect(AbstractPlainSocketImpl.java:350) ~[na:1.8.0_121]
	at java.net.AbstractPlainSocketImpl.connectToAddress(AbstractPlainSocketImpl.java:206) ~[na:1.8.0_121]
	at java.net.AbstractPlainSocketImpl.connect(AbstractPlainSocketImpl.java:188) ~[na:1.8.0_121]
	at java.net.PlainSocketImpl.connect(PlainSocketImpl.java:172) ~[na:1.8.0_121]
	at java.net.SocksSocketImpl.connect(SocksSocketImpl.java:392) ~[na:1.8.0_121]
	at java.net.Socket.connect(Socket.java:589) ~[na:1.8.0_121]
	at org.apache.thrift.transport.TSocket.open(TSocket.java:180) ~[tsfile-jdbc-alpha.jar:na]
	... 11 common frames omitted
